<?xml version="1.0" encoding="UTF-8"?>
<!-- Generated by org.testng.reporters.JUnitReportReporter -->
<testsuite hostname="DESKTOP-0P0EEEV" failures="0" tests="1" name="testng.test0" time="0.019" errors="0" timestamp="2021-07-26T16:39:43 IST" skipped="0">
  <testcase classname="testng.test0" name="demo" time="0.019"/>
  <system-out>
    <![CDATA[Hello world
hello universe]]>
  </system-out>
</testsuite> <!-- testng.test0 -->
