<?xml version="1.0" encoding="UTF-8"?>
<!-- Generated by org.testng.reporters.JUnitReportReporter -->
<testsuite hostname="DESKTOP-0P0EEEV" failures="0" tests="3" name="testng.Test1" time="0.028" errors="0" timestamp="2021-07-26T16:42:05 IST" skipped="0">
  <testcase classname="testng.Test1" name="status" time="0.018"/>
  <system-out>
    <![CDATA[status]]>
  </system-out>
  <testcase classname="testng.Test1" name="chats" time="0.005"/>
  <system-out>
    <![CDATA[chats]]>
  </system-out>
  <testcase classname="testng.Test1" name="calls" time="0.005"/>
  <system-out>
    <![CDATA[calls]]>
  </system-out>
</testsuite> <!-- testng.Test1 -->
