<?xml version="1.0" encoding="UTF-8"?>
<!-- Generated by org.testng.reporters.JUnitReportReporter -->
<testsuite hostname="DESKTOP-0P0EEEV" failures="0" tests="1" name="testng.Testcase2" time="85.893" errors="0" timestamp="2021-07-23T19:09:21 IST" skipped="0">
  <testcase classname="testng.Testcase2" name="login" time="85.893"/>
  <system-out>
    <![CDATA[Forgotten Password | Can't Log In | Facebook
https://en-gb.facebook.com/login/identify/?ctx=recover&ars=facebook_login&from_login_screen=0]]>
  </system-out>
</testsuite> <!-- testng.Testcase2 -->
