<?xml version="1.0" encoding="UTF-8"?>
<!-- Generated by org.testng.reporters.JUnitReportReporter -->
<testsuite hostname="DESKTOP-0P0EEEV" failures="0" tests="6" name="testng.Test2" time="0.048" errors="0" timestamp="2021-07-26T16:46:03 IST" skipped="1">
  <testcase classname="testng.Test2" name="status" time="0.003"/>
  <system-out>
    <![CDATA[status]]>
  </system-out>
  <testcase classname="testng.Test2" name="status" time="0.006"/>
  <system-out>
    <![CDATA[status]]>
  </system-out>
  <testcase classname="testng.Test2" name="status" time="0.031"/>
  <system-out>
    <![CDATA[status]]>
  </system-out>
  <testcase classname="testng.Test2" name="calls" time="0.004"/>
  <system-out>
    <![CDATA[calls]]>
  </system-out>
  <testcase classname="testng.Test2" name="calls" time="0.004"/>
  <system-out>
    <![CDATA[calls]]>
  </system-out>
  <testcase classname="testng.Test2" name="chats">
    <skipped/>
  </testcase> <!-- chats -->
  <system-out/>
</testsuite> <!-- testng.Test2 -->
