<?xml version="1.0" encoding="UTF-8"?>
<!-- Generated by org.testng.reporters.JUnitReportReporter -->
<testsuite hostname="DESKTOP-0P0EEEV" failures="0" tests="1" name="testng.Testcase3" time="51.573" errors="0" timestamp="2021-07-23T19:09:21 IST" skipped="0">
  <testcase classname="testng.Testcase3" name="login" time="51.573"/>
  <system-out>
    <![CDATA[Log in to Facebook
https://en-gb.facebook.com/login/?next=https%3A%2F%2Fen-gb.facebook.com%2Fpages%2Fcreate%2F%3Fref_type%3Dregistration_form]]>
  </system-out>
</testsuite> <!-- testng.Testcase3 -->
